<?xml version="1.0" encoding="UTF-8"?>
<!-- Generated by org.testng.reporters.JUnitReportReporter -->
<testsuite skipped="0" hostname="DESKTOP-PLKQOSF" name="learnSelenium.TestNGPriority" tests="3" failures="0" timestamp="2020-08-16T17:11:10 EDT" time="0.012" errors="0">
  <testcase name="test3" time="0.009" classname="learnSelenium.TestNGPriority"/>
  <testcase name="test2" time="0.002" classname="learnSelenium.TestNGPriority"/>
  <testcase name="test" time="0.001" classname="learnSelenium.TestNGPriority"/>
</testsuite> <!-- learnSelenium.TestNGPriority -->
