<?xml version="1.0" encoding="UTF-8"?>
<!-- Generated by org.testng.reporters.JUnitReportReporter -->
<testsuite skipped="0" hostname="DESKTOP-PLKQOSF" name="projectwrapper.CreateLead_TestCases" tests="2" failures="0" timestamp="2020-08-10T16:58:59 EDT" time="41.309" errors="0">
  <testcase name="CreateLead" time="20.783" classname="projectwrapper.CreateLead_TestCases"/>
  <testcase name="CreateLead" time="20.526" classname="projectwrapper.CreateLead_TestCases"/>
</testsuite> <!-- projectwrapper.CreateLead_TestCases -->
