<?xml version="1.0" encoding="UTF-8"?>
<!-- Generated by org.testng.reporters.JUnitReportReporter -->
<testsuite skipped="0" hostname="DESKTOP-PLKQOSF" name="learnSelenium.ChromeBrowserTest" tests="1" failures="0" timestamp="2020-07-28T10:39:30 EDT" time="8.268" errors="0">
  <testcase name="chromeBrowserTest" time="8.268" classname="learnSelenium.ChromeBrowserTest"/>
</testsuite> <!-- learnSelenium.ChromeBrowserTest -->
