<?xml version="1.0" encoding="UTF-8"?>
<!-- Generated by org.testng.reporters.JUnitReportReporter -->
<testsuite skipped="0" hostname="DESKTOP-PLKQOSF" name="learnInterface.Tcs02_createLead" tests="2" failures="0" timestamp="2020-08-26T22:00:44 EDT" time="24.902" errors="0">
  <testcase name="createlead" time="5.067" classname="learnInterface.Tcs02_createLead"/>
  <testcase name="login" time="19.835" classname="learnInterface.Tcs02_createLead"/>
</testsuite> <!-- learnInterface.Tcs02_createLead -->
