<?xml version="1.0" encoding="UTF-8"?>
<!-- Generated by org.testng.reporters.JUnitReportReporter -->
<testsuite skipped="0" hostname="DESKTOP-PLKQOSF" name="learnInterface.Tcs01_login" tests="1" failures="0" timestamp="2020-08-26T21:22:58 EDT" time="13.165" errors="0">
  <testcase name="login" time="13.165" classname="learnInterface.Tcs01_login"/>
</testsuite> <!-- learnInterface.Tcs01_login -->
